c:\users\administrator\downloads\baseballresearch\libcurlvsproject\baseballstatsbuilder\baseballstatsbuilder\debug\vc140.pdb
c:\users\administrator\downloads\baseballresearch\libcurlvsproject\baseballstatsbuilder\baseballstatsbuilder\debug\vc140.idb
c:\users\administrator\downloads\baseballresearch\libcurlvsproject\baseballstatsbuilder\baseballstatsbuilder\debug\deprecated.obj
c:\users\administrator\downloads\baseballresearch\libcurlvsproject\baseballstatsbuilder\baseballstatsbuilder\debug\main.obj
c:\users\administrator\downloads\baseballresearch\libcurlvsproject\baseballstatsbuilder\baseballstatsbuilder\debug\statscollectionfunctions.obj
c:\users\administrator\downloads\baseballresearch\libcurlvsproject\baseballstatsbuilder\debug\baseballstatsbuilder.ilk
c:\users\administrator\downloads\baseballresearch\libcurlvsproject\baseballstatsbuilder\debug\baseballstatsbuilder.exe
c:\users\administrator\downloads\baseballresearch\libcurlvsproject\baseballstatsbuilder\debug\baseballstatsbuilder.pdb
c:\users\administrator\downloads\baseballresearch\libcurlvsproject\baseballstatsbuilder\baseballstatsbuilder\debug\main.obj.enc
c:\users\administrator\downloads\baseballresearch\libcurlvsproject\baseballstatsbuilder\baseballstatsbuilder\debug\baseball.93de2495.tlog\cl.command.1.tlog
c:\users\administrator\downloads\baseballresearch\libcurlvsproject\baseballstatsbuilder\baseballstatsbuilder\debug\baseball.93de2495.tlog\cl.read.1.tlog
c:\users\administrator\downloads\baseballresearch\libcurlvsproject\baseballstatsbuilder\baseballstatsbuilder\debug\baseball.93de2495.tlog\cl.write.1.tlog
c:\users\administrator\downloads\baseballresearch\libcurlvsproject\baseballstatsbuilder\baseballstatsbuilder\debug\baseball.93de2495.tlog\link-cvtres.read.1.tlog
c:\users\administrator\downloads\baseballresearch\libcurlvsproject\baseballstatsbuilder\baseballstatsbuilder\debug\baseball.93de2495.tlog\link-cvtres.write.1.tlog
c:\users\administrator\downloads\baseballresearch\libcurlvsproject\baseballstatsbuilder\baseballstatsbuilder\debug\baseball.93de2495.tlog\link-rc.read.1.tlog
c:\users\administrator\downloads\baseballresearch\libcurlvsproject\baseballstatsbuilder\baseballstatsbuilder\debug\baseball.93de2495.tlog\link-rc.write.1.tlog
c:\users\administrator\downloads\baseballresearch\libcurlvsproject\baseballstatsbuilder\baseballstatsbuilder\debug\baseball.93de2495.tlog\link.13304-cvtres.read.1.tlog
c:\users\administrator\downloads\baseballresearch\libcurlvsproject\baseballstatsbuilder\baseballstatsbuilder\debug\baseball.93de2495.tlog\link.13304-cvtres.write.1.tlog
c:\users\administrator\downloads\baseballresearch\libcurlvsproject\baseballstatsbuilder\baseballstatsbuilder\debug\baseball.93de2495.tlog\link.13304-rc.read.1.tlog
c:\users\administrator\downloads\baseballresearch\libcurlvsproject\baseballstatsbuilder\baseballstatsbuilder\debug\baseball.93de2495.tlog\link.13304-rc.write.1.tlog
c:\users\administrator\downloads\baseballresearch\libcurlvsproject\baseballstatsbuilder\baseballstatsbuilder\debug\baseball.93de2495.tlog\link.13304.read.1.tlog
c:\users\administrator\downloads\baseballresearch\libcurlvsproject\baseballstatsbuilder\baseballstatsbuilder\debug\baseball.93de2495.tlog\link.13304.write.1.tlog
c:\users\administrator\downloads\baseballresearch\libcurlvsproject\baseballstatsbuilder\baseballstatsbuilder\debug\baseball.93de2495.tlog\link.command.1.tlog
c:\users\administrator\downloads\baseballresearch\libcurlvsproject\baseballstatsbuilder\baseballstatsbuilder\debug\baseball.93de2495.tlog\link.read.1.tlog
c:\users\administrator\downloads\baseballresearch\libcurlvsproject\baseballstatsbuilder\baseballstatsbuilder\debug\baseball.93de2495.tlog\link.write.1.tlog
